c:\program files\teledyne dalsa\sapera\examples\classes\grabconsole\vc\debug64\vc140.pdb
c:\program files\teledyne dalsa\sapera\examples\classes\grabconsole\vc\debug64\grabcpp.obj
c:\program files\teledyne dalsa\sapera\examples\classes\grabconsole\vc\debug64\exampleutils.obj
c:\program files\teledyne dalsa\sapera\examples\classes\grabconsole\vc\debug64\grabcpp.ilk
c:\program files\teledyne dalsa\sapera\examples\classes\grabconsole\vc\debug64\grabcpp.exe
c:\program files\teledyne dalsa\sapera\examples\classes\grabconsole\vc\debug64\grabcpp.exe.intermediate.manifest
c:\program files\teledyne dalsa\sapera\examples\classes\grabconsole\vc\debug64\grabcpp.pdb
c:\program files\teledyne dalsa\sapera\examples\classes\grabconsole\vc\debug64\grabcpp.exe.manifest
c:\program files\teledyne dalsa\sapera\examples\classes\grabconsole\vc\debug64\grabcpp.res
c:\program files\teledyne dalsa\sapera\examples\classes\grabconsole\vc\debug64\grabcpp.tlog\cl.command.1.tlog
c:\program files\teledyne dalsa\sapera\examples\classes\grabconsole\vc\debug64\grabcpp.tlog\cl.read.1.tlog
c:\program files\teledyne dalsa\sapera\examples\classes\grabconsole\vc\debug64\grabcpp.tlog\cl.write.1.tlog
c:\program files\teledyne dalsa\sapera\examples\classes\grabconsole\vc\debug64\grabcpp.tlog\link.command.1.tlog
c:\program files\teledyne dalsa\sapera\examples\classes\grabconsole\vc\debug64\grabcpp.tlog\link.read.1.tlog
c:\program files\teledyne dalsa\sapera\examples\classes\grabconsole\vc\debug64\grabcpp.tlog\link.write.1.tlog
c:\program files\teledyne dalsa\sapera\examples\classes\grabconsole\vc\debug64\grabcpp.tlog\mt.command.1.tlog
c:\program files\teledyne dalsa\sapera\examples\classes\grabconsole\vc\debug64\grabcpp.tlog\mt.read.1.tlog
c:\program files\teledyne dalsa\sapera\examples\classes\grabconsole\vc\debug64\grabcpp.tlog\mt.write.1.tlog
c:\program files\teledyne dalsa\sapera\examples\classes\grabconsole\vc\debug64\grabcpp.tlog\rc.command.1.tlog
c:\program files\teledyne dalsa\sapera\examples\classes\grabconsole\vc\debug64\grabcpp.tlog\rc.read.1.tlog
c:\program files\teledyne dalsa\sapera\examples\classes\grabconsole\vc\debug64\grabcpp.tlog\rc.write.1.tlog
